{
  "RSpec": {
    "coverage": {
      "/home/ubuntu/workspace/hw-acceptance-unit-test-cycle-master/rottenpotatoes/app/helpers/application_helper.rb": [
        1,
        null
      ],
      "/home/ubuntu/workspace/hw-acceptance-unit-test-cycle-master/rottenpotatoes/app/helpers/movies_helper.rb": [
        1,
        null,
        1,
        0,
        null,
        null
      ],
      "/home/ubuntu/workspace/hw-acceptance-unit-test-cycle-master/rottenpotatoes/app/controllers/movies_controller.rb": [
        1,
        null,
        1,
        2,
        null,
        null,
        1,
        1,
        1,
        null,
        null,
        null,
        1,
        2,
        2,
        null,
        1,
        null,
        1,
        null,
        2,
        2,
        null,
        2,
        12,
        null,
        null,
        2,
        2,
        2,
        2,
        null,
        0,
        null,
        null,
        1,
        null,
        null,
        null,
        1,
        1,
        1,
        1,
        null,
        null,
        1,
        1,
        null,
        null,
        1,
        1,
        1,
        1,
        1,
        null,
        null,
        1,
        2,
        2,
        1,
        1,
        null,
        1,
        null,
        null,
        1,
        1,
        1,
        1,
        1,
        null,
        null,
        null
      ],
      "/home/ubuntu/workspace/hw-acceptance-unit-test-cycle-master/rottenpotatoes/app/controllers/application_controller.rb": [
        1,
        1,
        null
      ],
      "/home/ubuntu/workspace/hw-acceptance-unit-test-cycle-master/rottenpotatoes/app/models/movie.rb": [
        1,
        1,
        2,
        null,
        null,
        1,
        2,
        null,
        null,
        null
      ]
    },
    "timestamp": 1522121763
  },
  "Cucumber Features": {
    "coverage": {
      "/home/ubuntu/workspace/hw-acceptance-unit-test-cycle-master/rottenpotatoes/app/models/movie.rb": [
        1,
        1,
        0,
        null,
        null,
        1,
        0,
        null,
        null,
        null
      ],
      "/home/ubuntu/workspace/hw-acceptance-unit-test-cycle-master/rottenpotatoes/app/controllers/movies_controller.rb": [
        0,
        null,
        0,
        0,
        0,
        null,
        0,
        0,
        0,
        null,
        0,
        null,
        0,
        0,
        0,
        0,
        0,
        0,
        0,
        0,
        0,
        0,
        null,
        0,
        0,
        0,
        null,
        0,
        0,
        0,
        0,
        0,
        0,
        0,
        null,
        0,
        null,
        0,
        null,
        0,
        0,
        0,
        0,
        0,
        null,
        0,
        0,
        0,
        null,
        0,
        0,
        0,
        0,
        0,
        0,
        null,
        0,
        0,
        0,
        0,
        0,
        0,
        0,
        0,
        null,
        0,
        0,
        0,
        0,
        0,
        0,
        null,
        0
      ],
      "/home/ubuntu/workspace/hw-acceptance-unit-test-cycle-master/rottenpotatoes/app/controllers/application_controller.rb": [
        0,
        0,
        0
      ],
      "/home/ubuntu/workspace/hw-acceptance-unit-test-cycle-master/rottenpotatoes/app/helpers/application_helper.rb": [
        0,
        0
      ],
      "/home/ubuntu/workspace/hw-acceptance-unit-test-cycle-master/rottenpotatoes/app/helpers/movies_helper.rb": [
        0,
        null,
        0,
        0,
        0,
        0
      ]
    },
    "timestamp": 1522121580
  }
}
